<?xml version="1.0" encoding="UTF-8"?>
<testsuite xmlns:xsi="http://www.w3.org/2001/XMLSchema-instance" xsi:schemaLocation="https://maven.apache.org/surefire/maven-surefire-plugin/xsd/surefire-test-report.xsd" name="TestSuite" time="3.824" tests="194" errors="0" skipped="0" failures="0">
  <properties>
[...]
</properties>
  <testcase name="clientAuthInputTest" classname="io.swagger.codegen.ClientAuthInputTest" time="0.021"/>
  <testcase name="testLoadByFullQualifiedName" classname="io.swagger.codegen.CodegenConfigLoaderTest" time="0.002"/>
  <testcase name="testLoadByFullQualifiedName" classname="io.swagger.codegen.CodegenConfigLoaderTest" time="0.001"/>
  <testcase name="testLoadByName" classname="io.swagger.codegen.CodegenConfigLoaderTest" time="0.002"/>
  <testcase name="testLoadByName" classname="io.swagger.codegen.CodegenConfigLoaderTest" time="0"/>
  <testcase name="binaryDataTest" classname="io.swagger.codegen.CodegenTest" time="0.295"/>
  <testcase name="camelizeNamesTest" classname="io.swagger.codegen.CodegenTest" time="0"/>
  <testcase name="deprecatedParamTest" classname="io.swagger.codegen.CodegenTest" time="0.074"/>
  <testcase name="discriminatorTest" classname="io.swagger.codegen.CodegenTest" time="0.005"/>
  <testcase name="enumArrayQueryParameterTest" classname="io.swagger.codegen.CodegenTest" time="0.023"/>
  <testcase name="enumQueryParameterTest" classname="io.swagger.codegen.CodegenTest" time="0.011"/>
  <testcase name="fileResponeseTest" classname="io.swagger.codegen.CodegenTest" time="0.005"/>
  <testcase name="fileUploadParamTest" classname="io.swagger.codegen.CodegenTest" time="0.015"/>
  <testcase name="formParamTest" classname="io.swagger.codegen.CodegenTest" time="0.008"/>
  <testcase name="globalConsumesAndProducesTest" classname="io.swagger.codegen.CodegenTest" time="0.002"/>
  <testcase name="inheritanceOfComposedModelTest" classname="io.swagger.codegen.CodegenTest" time="0.061"/>
  <testcase name="localConsumesAndProducesTest" classname="io.swagger.codegen.CodegenTest" time="0.004"/>
  <testcase name="localResetConsumesAndProducesTest" classname="io.swagger.codegen.CodegenTest" time="0.005"/>
  <testcase name="multiCompositionTest" classname="io.swagger.codegen.CodegenTest" time="0.012"/>
  <testcase name="multiInheritanceOfComposedModelTest" classname="io.swagger.codegen.CodegenTest" time="0.011"/>
  <testcase name="multiInheritanceTest" classname="io.swagger.codegen.CodegenTest" time="0.01"/>
  <testcase name="noSupportsInheritanceTest" classname="io.swagger.codegen.CodegenTest" time="0.007"/>
  <testcase name="requiredParametersTest" classname="io.swagger.codegen.CodegenTest" time="0.004"/>
  <testcase name="responseSelectionTest1" classname="io.swagger.codegen.CodegenTest" time="0.007"/>
  <testcase name="responseSelectionTest2" classname="io.swagger.codegen.CodegenTest" time="0.004"/>
  <testcase name="sanitizeTagTest" classname="io.swagger.codegen.CodegenTest" time="0"/>
  <testcase name="simpleCompositionTest" classname="io.swagger.codegen.CodegenTest" time="0.005"/>
  <testcase name="simpleInheritanceTest" classname="io.swagger.codegen.CodegenTest" time="0.005"/>
  <testcase name="supportsMixinsTest" classname="io.swagger.codegen.CodegenTest" time="0.004"/>
  <testcase name="underscoreNamesTest" classname="io.swagger.codegen.CodegenTest" time="0.001"/>
  <testcase name="testAdditionalProperties" classname="io.swagger.codegen.config.CodegenConfiguratorTest" time="0.24"/>
  <testcase name="testApiPackage" classname="io.swagger.codegen.config.CodegenConfiguratorTest" time="0.002"/>
  <testcase name="testArtifactId" classname="io.swagger.codegen.config.CodegenConfiguratorTest" time="0.002"/>
  <testcase name="testArtifactVersion" classname="io.swagger.codegen.config.CodegenConfiguratorTest" time="0.001"/>
  <testcase name="testCodegenConfiguratorIsSerializable" classname="io.swagger.codegen.config.CodegenConfiguratorTest" time="0.019"/>
  <testcase name="testDynamicProperties" classname="io.swagger.codegen.config.CodegenConfiguratorTest" time="0"/>
  <testcase name="testFromFile" classname="io.swagger.codegen.config.CodegenConfiguratorTest" time="0.002"/>
  <testcase name="testGroupId" classname="io.swagger.codegen.config.CodegenConfiguratorTest" time="0.001"/>
  <testcase name="testImportMappings" classname="io.swagger.codegen.config.CodegenConfiguratorTest" time="0.001"/>
  <testcase name="testInstantiationTypes" classname="io.swagger.codegen.config.CodegenConfiguratorTest" time="0.002"/>
  <testcase name="testInvokerPackage" classname="io.swagger.codegen.config.CodegenConfiguratorTest" time="0.001"/>
  <testcase name="testLanguageSpecificPrimitives" classname="io.swagger.codegen.config.CodegenConfiguratorTest" time="0.001"/>
  <testcase name="testLibrary" classname="io.swagger.codegen.config.CodegenConfiguratorTest" time="0.001"/>
  <testcase name="testModelPackage" classname="io.swagger.codegen.config.CodegenConfiguratorTest" time="0.001"/>
  <testcase name="testSkipOverwrite" classname="io.swagger.codegen.config.CodegenConfiguratorTest" time="0.002"/>
  <testcase name="testSystemProperties" classname="io.swagger.codegen.config.CodegenConfiguratorTest" time="0.04"/>
  <testcase name="testTemplateDir" classname="io.swagger.codegen.config.CodegenConfiguratorTest" time="0.006"/>
  <testcase name="testTypeMappings" classname="io.swagger.codegen.config.CodegenConfiguratorTest" time="0"/>
  <testcase name="testVerbose" classname="io.swagger.codegen.config.CodegenConfiguratorTest" time="0.024"/>
  <testcase name="testGenerateUniqueOperationIds" classname="io.swagger.codegen.DefaultGeneratorTest" time="0.012"/>
  <testcase name="testOverloadingTemplateFiles" classname="io.swagger.codegen.DefaultGeneratorTest" time="0.608"/>
  <testcase name="testResolveTagNotDefinedInSwaggerTagsDefinition" classname="io.swagger.codegen.DefaultGeneratorTest" time="0.003"/>
  <testcase name="testResolveTagsAgainstSwaggerTagsDefinition" classname="io.swagger.codegen.DefaultGeneratorTest" time="0.003"/>
  <testcase name="testResolveTagsNoSwaggerTagsDefinition" classname="io.swagger.codegen.DefaultGeneratorTest" time="0.001"/>
  <testcase name="testResolveTagsNoTagsDefined" classname="io.swagger.codegen.DefaultGeneratorTest" time="0.001"/>
  <testcase name="testSecurityWithGlobal" classname="io.swagger.codegen.DefaultGeneratorTest" time="0.039"/>
  <testcase name="testSecurityWithoutGlobal" classname="io.swagger.codegen.DefaultGeneratorTest" time="0.029"/>
  <testcase name="testSkipOverwrite" classname="io.swagger.codegen.DefaultGeneratorTest" time="0.421"/>
  <testcase name="recursiveModelsTest" classname="io.swagger.codegen.ExampleGeneratorTest" time="0.003"/>
  <testcase name="evaluate" classname="io.swagger.codegen.ignore.CodegenIgnoreProcessorTest" time="0.006"/>
  <testcase name="evaluate" classname="io.swagger.codegen.ignore.CodegenIgnoreProcessorTest" time="0.002"/>
  <testcase name="evaluate" classname="io.swagger.codegen.ignore.CodegenIgnoreProcessorTest" time="0.004"/>
  <testcase name="evaluate" classname="io.swagger.codegen.ignore.CodegenIgnoreProcessorTest" time="0.003"/>
  <testcase name="evaluate" classname="io.swagger.codegen.ignore.CodegenIgnoreProcessorTest" time="0.004"/>
  <testcase name="evaluate" classname="io.swagger.codegen.ignore.CodegenIgnoreProcessorTest" time="0.003"/>
  <testcase name="evaluate" classname="io.swagger.codegen.ignore.CodegenIgnoreProcessorTest" time="0.002"/>
  <testcase name="evaluate" classname="io.swagger.codegen.ignore.CodegenIgnoreProcessorTest" time="0.004"/>
  <testcase name="evaluate" classname="io.swagger.codegen.ignore.CodegenIgnoreProcessorTest" time="0.002"/>
  <testcase name="evaluate" classname="io.swagger.codegen.ignore.CodegenIgnoreProcessorTest" time="0.004"/>
  <testcase name="evaluate" classname="io.swagger.codegen.ignore.CodegenIgnoreProcessorTest" time="0.006"/>
  <testcase name="evaluate" classname="io.swagger.codegen.ignore.CodegenIgnoreProcessorTest" time="0.002"/>
  <testcase name="evaluate" classname="io.swagger.codegen.ignore.CodegenIgnoreProcessorTest" time="0.003"/>
  <testcase name="evaluate" classname="io.swagger.codegen.ignore.CodegenIgnoreProcessorTest" time="0.002"/>
  <testcase name="evaluate" classname="io.swagger.codegen.ignore.CodegenIgnoreProcessorTest" time="0.005"/>
  <testcase name="evaluate" classname="io.swagger.codegen.ignore.CodegenIgnoreProcessorTest" time="0.002"/>
  <testcase name="evaluate" classname="io.swagger.codegen.ignore.CodegenIgnoreProcessorTest" time="0.002"/>
  <testcase name="evaluate" classname="io.swagger.codegen.ignore.CodegenIgnoreProcessorTest" time="0.004"/>
  <testcase name="evaluate" classname="io.swagger.codegen.ignore.CodegenIgnoreProcessorTest" time="0.003"/>
  <testcase name="evaluate" classname="io.swagger.codegen.ignore.CodegenIgnoreProcessorTest" time="0.004"/>
  <testcase name="evaluate" classname="io.swagger.codegen.ignore.CodegenIgnoreProcessorTest" time="0.004"/>
  <testcase name="evaluate" classname="io.swagger.codegen.ignore.CodegenIgnoreProcessorTest" time="0.002"/>
  <testcase name="evaluate" classname="io.swagger.codegen.ignore.CodegenIgnoreProcessorTest" time="0.004"/>
  <testcase name="evaluate" classname="io.swagger.codegen.ignore.CodegenIgnoreProcessorTest" time="0"/>
  <testcase name="evaluate" classname="io.swagger.codegen.ignore.CodegenIgnoreProcessorTest" time="0.011"/>
  <testcase name="evaluate" classname="io.swagger.codegen.ignore.CodegenIgnoreProcessorTest" time="0.006"/>
  <testcase name="evaluate" classname="io.swagger.codegen.ignore.CodegenIgnoreProcessorTest" time="0.004"/>
  <testcase name="testGlobbingNotRecursive" classname="io.swagger.codegen.ignore.rules.FileRuleTest" time="0"/>
  <testcase name="testGlobbingRecursive" classname="io.swagger.codegen.ignore.rules.FileRuleTest" time="0"/>
  <testcase name="testMatchComplex" classname="io.swagger.codegen.ignore.rules.FileRuleTest" time="0"/>
  <testcase name="testNonMatchComplex" classname="io.swagger.codegen.ignore.rules.FileRuleTest" time="0"/>
  <testcase name="parseComment" classname="io.swagger.codegen.ignore.rules.IgnoreLineParserTest" time="0.001"/>
  <testcase name="parseComplex" classname="io.swagger.codegen.ignore.rules.IgnoreLineParserTest" time="0"/>
  <testcase name="parseDirectoryMarker" classname="io.swagger.codegen.ignore.rules.IgnoreLineParserTest" time="0"/>
  <testcase name="parseEscapedExclamation" classname="io.swagger.codegen.ignore.rules.IgnoreLineParserTest" time="0"/>
  <testcase name="parseEscapedSpace" classname="io.swagger.codegen.ignore.rules.IgnoreLineParserTest" time="0"/>
  <testcase name="parseMatchAll" classname="io.swagger.codegen.ignore.rules.IgnoreLineParserTest" time="0"/>
  <testcase name="parseMatchAny" classname="io.swagger.codegen.ignore.rules.IgnoreLineParserTest" time="0"/>
  <testcase name="parseNegate" classname="io.swagger.codegen.ignore.rules.IgnoreLineParserTest" time="0.001"/>
  <testcase name="parseRooted" classname="io.swagger.codegen.ignore.rules.IgnoreLineParserTest" time="0"/>
  <testcase name="parseTripleStarPattern" classname="io.swagger.codegen.ignore.rules.IgnoreLineParserTest" time="0"/>
  <testcase name="testMatchFilenameAndExtension" classname="io.swagger.codegen.ignore.rules.RootedFileRuleTest" time="0.001"/>
  <testcase name="testMatchFilenameAndExtensionWithExtensionGlob" classname="io.swagger.codegen.ignore.rules.RootedFileRuleTest" time="0"/>
  <testcase name="testMatchFilenameAndExtensionWithFilenameGlob" classname="io.swagger.codegen.ignore.rules.RootedFileRuleTest" time="0"/>
  <testcase name="testMatchFilenameAndExtensionWithMultiplePeriods" classname="io.swagger.codegen.ignore.rules.RootedFileRuleTest" time="0"/>
  <testcase name="testMatchFilenameOnly" classname="io.swagger.codegen.ignore.rules.RootedFileRuleTest" time="0"/>
  <testcase name="testMatchFilenameWithGlob" classname="io.swagger.codegen.ignore.rules.RootedFileRuleTest" time="0"/>
  <testcase name="testMatchWithoutLeadingForwardSlash" classname="io.swagger.codegen.ignore.rules.RootedFileRuleTest" time="0"/>
  <testcase name="testMatchesOnlyRooted" classname="io.swagger.codegen.ignore.rules.RootedFileRuleTest" time="0"/>
  <testcase name="testNonMatchFilenameAndExtension" classname="io.swagger.codegen.ignore.rules.RootedFileRuleTest" time="0.001"/>
  <testcase name="testNonMatchFilenameAndExtensionWithFilenameGlob" classname="io.swagger.codegen.ignore.rules.RootedFileRuleTest" time="0"/>
  <testcase name="testNonMatchFilenameAndExtensionWithMultiplePeriods" classname="io.swagger.codegen.ignore.rules.RootedFileRuleTest" time="0"/>
  <testcase name="testNonMatchFilenameOnly" classname="io.swagger.codegen.ignore.rules.RootedFileRuleTest" time="0"/>
  <testcase name="testNonMatchFilenameWithGlob" classname="io.swagger.codegen.ignore.rules.RootedFileRuleTest" time="0"/>
  <testcase name="notResolveNonModelBodyParameter" classname="io.swagger.codegen.InlineModelResolverTest" time="0.001"/>
  <testcase name="resolveInlineArrayBodyParameter" classname="io.swagger.codegen.InlineModelResolverTest" time="0.001"/>
  <testcase name="resolveInlineArrayModelWithTitle" classname="io.swagger.codegen.InlineModelResolverTest" time="0"/>
  <testcase name="resolveInlineArrayModelWithoutTitle" classname="io.swagger.codegen.InlineModelResolverTest" time="0"/>
  <testcase name="resolveInlineArrayResponse" classname="io.swagger.codegen.InlineModelResolverTest" time="0"/>
  <testcase name="resolveInlineArrayResponseWithTitle" classname="io.swagger.codegen.InlineModelResolverTest" time="0.001"/>
  <testcase name="resolveInlineBodyParameter" classname="io.swagger.codegen.InlineModelResolverTest" time="0"/>
  <testcase name="resolveInlineBodyParameterWithRequired" classname="io.swagger.codegen.InlineModelResolverTest" time="0"/>
  <testcase name="resolveInlineBodyParameterWithTitle" classname="io.swagger.codegen.InlineModelResolverTest" time="0.001"/>
  <testcase name="resolveInlineModel2DifferentInnerModelsWIthSameTitle" classname="io.swagger.codegen.InlineModelResolverTest" time="0"/>
  <testcase name="resolveInlineModel2EqualInnerModels" classname="io.swagger.codegen.InlineModelResolverTest" time="0"/>
  <testcase name="resolveInlineModelTestWithTitle" classname="io.swagger.codegen.InlineModelResolverTest" time="0"/>
  <testcase name="resolveInlineModelTestWithoutTitle" classname="io.swagger.codegen.InlineModelResolverTest" time="0"/>
  <testcase name="testArbitraryObjectBodyParam" classname="io.swagger.codegen.InlineModelResolverTest" time="0"/>
  <testcase name="testArbitraryObjectBodyParamArrayInline" classname="io.swagger.codegen.InlineModelResolverTest" time="0.003"/>
  <testcase name="testArbitraryObjectBodyParamInline" classname="io.swagger.codegen.InlineModelResolverTest" time="0"/>
  <testcase name="testArbitraryObjectBodyParamWithArray" classname="io.swagger.codegen.InlineModelResolverTest" time="0.001"/>
  <testcase name="testArbitraryObjectModelInline" classname="io.swagger.codegen.InlineModelResolverTest" time="0"/>
  <testcase name="testArbitraryObjectModelWithArrayInlineWithTitle" classname="io.swagger.codegen.InlineModelResolverTest" time="0"/>
  <testcase name="testArbitraryObjectModelWithArrayInlineWithoutTitle" classname="io.swagger.codegen.InlineModelResolverTest" time="0"/>
  <testcase name="testArbitraryObjectResponse" classname="io.swagger.codegen.InlineModelResolverTest" time="0.001"/>
  <testcase name="testArbitraryObjectResponseArray" classname="io.swagger.codegen.InlineModelResolverTest" time="0"/>
  <testcase name="testArbitraryObjectResponseArrayInline" classname="io.swagger.codegen.InlineModelResolverTest" time="0"/>
  <testcase name="testArbitraryObjectResponseMapInline" classname="io.swagger.codegen.InlineModelResolverTest" time="0"/>
  <testcase name="testArrayResponse" classname="io.swagger.codegen.InlineModelResolverTest" time="0"/>
  <testcase name="testBasicInput" classname="io.swagger.codegen.InlineModelResolverTest" time="0.004"/>
  <testcase name="testInlineMapResponse" classname="io.swagger.codegen.InlineModelResolverTest" time="0.001"/>
  <testcase name="testInlineMapResponseWithObjectProperty" classname="io.swagger.codegen.InlineModelResolverTest" time="0"/>
  <testcase name="testInlineResponseModel" classname="io.swagger.codegen.InlineModelResolverTest" time="0"/>
  <testcase name="testInlineResponseModelWithTitle" classname="io.swagger.codegen.InlineModelResolverTest" time="0"/>
  <testcase name="preprocessSwaggerWithBodyParamsSetsContentType" classname="io.swagger.codegen.java.AbstractJavaCodegenTest" time="0"/>
  <testcase name="preprocessSwaggerWithFormParamsSetsContentType" classname="io.swagger.codegen.java.AbstractJavaCodegenTest" time="0"/>
  <testcase name="preprocessSwaggerWithNoFormOrBodyParamsDoesNotSetContentType" classname="io.swagger.codegen.java.AbstractJavaCodegenTest" time="0"/>
  <testcase name="toEnumVarNameShouldNotShortenUnderScore" classname="io.swagger.codegen.java.AbstractJavaCodegenTest" time="0"/>
  <testcase name="toModelNameShouldUseProvidedMapping" classname="io.swagger.codegen.java.AbstractJavaCodegenTest" time="0"/>
  <testcase name="toModelNameUsesPascalCase" classname="io.swagger.codegen.java.AbstractJavaCodegenTest" time="0"/>
  <testcase name="toVarNameShouldAvoidOverloadingGetClassMethod" classname="io.swagger.codegen.java.AbstractJavaCodegenTest" time="0"/>
  <testcase name="checkOptionsHelp" classname="io.swagger.codegen.java.JavaClientOptionsTest" time="0.007"/>
  <testcase name="checkOptionsProcessing" classname="io.swagger.codegen.java.JavaClientOptionsTest" time="0.275"/>
  <testcase name="javaInheritanceTest" classname="io.swagger.codegen.java.JavaInheritanceTest" time="0.004"/>
  <testcase name="javaInheritanceWithDiscriminatorTest" classname="io.swagger.codegen.java.JavaInheritanceTest" time="0"/>
  <testcase name="converterTest" classname="io.swagger.codegen.java.JavaModelEnumTest" time="0"/>
  <testcase name="overrideEnumTest" classname="io.swagger.codegen.java.JavaModelEnumTest" time="0.004"/>
  <testcase name="arrayModelTest" classname="io.swagger.codegen.java.JavaModelTest" time="0"/>
  <testcase name="arrayModelWithItemNameTest" classname="io.swagger.codegen.java.JavaModelTest" time="0.001"/>
  <testcase name="binaryDataTest" classname="io.swagger.codegen.java.JavaModelTest" time="0.003"/>
  <testcase name="booleanParameterTest" classname="io.swagger.codegen.java.JavaModelTest" time="0"/>
  <testcase name="classPropertyTest" classname="io.swagger.codegen.java.JavaModelTest" time="0"/>
  <testcase name="classPropertyTest" classname="io.swagger.codegen.java.JavaModelTest" time="0.001"/>
  <testcase name="classPropertyTest" classname="io.swagger.codegen.java.JavaModelTest" time="0"/>
  <testcase name="complexListPropertyTest" classname="io.swagger.codegen.java.JavaModelTest" time="0.001"/>
  <testcase name="complexMapPropertyTest" classname="io.swagger.codegen.java.JavaModelTest" time="0.001"/>
  <testcase name="complexPropertiesTest" classname="io.swagger.codegen.java.JavaModelTest" time="0"/>
  <testcase name="convertParameterTest" classname="io.swagger.codegen.java.JavaModelTest" time="0.001"/>
  <testcase name="escapeNamesTest" classname="io.swagger.codegen.java.JavaModelTest" time="0"/>
  <testcase name="firstTwoUpperCaseLetterNamesTest" classname="io.swagger.codegen.java.JavaModelTest" time="0.001"/>
  <testcase name="hyphensTest" classname="io.swagger.codegen.java.JavaModelTest" time="0"/>
  <testcase name="invalidParamNameTest" classname="io.swagger.codegen.java.JavaModelTest" time="0.001"/>
  <testcase name="list2DPropertyTest" classname="io.swagger.codegen.java.JavaModelTest" time="0"/>
  <testcase name="listPropertyTest" classname="io.swagger.codegen.java.JavaModelTest" time="0.002"/>
  <testcase name="mapModelTest" classname="io.swagger.codegen.java.JavaModelTest" time="0"/>
  <testcase name="mapPropertyTest" classname="io.swagger.codegen.java.JavaModelTest" time="0"/>
  <testcase name="mapWithAnListOfBigDecimalTest" classname="io.swagger.codegen.java.JavaModelTest" time="0.004"/>
  <testcase name="mapWithListPropertyTest" classname="io.swagger.codegen.java.JavaModelTest" time="0"/>
  <testcase name="modelNameTest" classname="io.swagger.codegen.java.JavaModelTest" time="0"/>
  <testcase name="modelNameTest" classname="io.swagger.codegen.java.JavaModelTest" time="0"/>
  <testcase name="modelNameTest" classname="io.swagger.codegen.java.JavaModelTest" time="0.001"/>
  <testcase name="modelNameTest" classname="io.swagger.codegen.java.JavaModelTest" time="0"/>
  <testcase name="modelNameTest" classname="io.swagger.codegen.java.JavaModelTest" time="0.001"/>
  <testcase name="modelNameTest" classname="io.swagger.codegen.java.JavaModelTest" time="0"/>
  <testcase name="modelNameTest" classname="io.swagger.codegen.java.JavaModelTest" time="0"/>
  <testcase name="modelNameTest" classname="io.swagger.codegen.java.JavaModelTest" time="0.001"/>
  <testcase name="modelWithWrappedXmlTest" classname="io.swagger.codegen.java.JavaModelTest" time="0.001"/>
  <testcase name="modelWithXmlTest" classname="io.swagger.codegen.java.JavaModelTest" time="0.001"/>
  <testcase name="secondCharUpperCaseNamesTest" classname="io.swagger.codegen.java.JavaModelTest" time="0"/>
  <testcase name="simpleModelTest" classname="io.swagger.codegen.java.JavaModelTest" time="0.001"/>
  <testcase name="squareBracketsTest" classname="io.swagger.codegen.java.JavaModelTest" time="0.001"/>
  <testcase name="upperCaseNamesTest" classname="io.swagger.codegen.java.JavaModelTest" time="0"/>
  <testcase name="swaggerMigratorTest" classname="io.swagger.codegen.SwaggerMigratorTest" time="0.141"/>
  <testcase name="atLeast" classname="io.swagger.codegen.utils.SemVerTest" time="0.001"/>
  <testcase name="parsingAndPrinting" classname="io.swagger.codegen.utils.SemVerTest" time="0"/>
</testsuite>