<?xml version="1.0" encoding="UTF-8"?>
<!-- Generated by org.testng.reporters.JUnitXMLReporter -->
<testsuite hostname="PUN-DE-DL88TS1" name="Surefire test" tests="194" failures="0" timestamp="31 Jan 2018 13:50:16 GMT" time="3.037" errors="0">
  <testcase name="clientAuthInputTest" time="0.017" classname="io.swagger.codegen.ClientAuthInputTest"/>
  <testcase name="testLoadByFullQualifiedName" time="0.002" classname="io.swagger.codegen.CodegenConfigLoaderTest"/>
  <testcase name="testLoadByFullQualifiedName" time="0.001" classname="io.swagger.codegen.CodegenConfigLoaderTest"/>
  <testcase name="testLoadByName" time="0.0" classname="io.swagger.codegen.CodegenConfigLoaderTest"/>
  <testcase name="testLoadByName" time="0.0" classname="io.swagger.codegen.CodegenConfigLoaderTest"/>
  <testcase name="binaryDataTest" time="0.295" classname="io.swagger.codegen.CodegenTest"/>
  <testcase name="camelizeNamesTest" time="0.002" classname="io.swagger.codegen.CodegenTest"/>
  <testcase name="deprecatedParamTest" time="0.079" classname="io.swagger.codegen.CodegenTest"/>
  <testcase name="discriminatorTest" time="0.005" classname="io.swagger.codegen.CodegenTest"/>
  <testcase name="enumArrayQueryParameterTest" time="0.023" classname="io.swagger.codegen.CodegenTest"/>
  <testcase name="enumQueryParameterTest" time="0.011" classname="io.swagger.codegen.CodegenTest"/>
  <testcase name="fileResponeseTest" time="0.005" classname="io.swagger.codegen.CodegenTest"/>
  <testcase name="fileUploadParamTest" time="0.015" classname="io.swagger.codegen.CodegenTest"/>
  <testcase name="formParamTest" time="0.008" classname="io.swagger.codegen.CodegenTest"/>
  <testcase name="globalConsumesAndProducesTest" time="0.003" classname="io.swagger.codegen.CodegenTest"/>
  <testcase name="inheritanceOfComposedModelTest" time="0.062" classname="io.swagger.codegen.CodegenTest"/>
  <testcase name="localConsumesAndProducesTest" time="0.003" classname="io.swagger.codegen.CodegenTest"/>
  <testcase name="localResetConsumesAndProducesTest" time="0.005" classname="io.swagger.codegen.CodegenTest"/>
  <testcase name="multiCompositionTest" time="0.012" classname="io.swagger.codegen.CodegenTest"/>
  <testcase name="multiInheritanceOfComposedModelTest" time="0.011" classname="io.swagger.codegen.CodegenTest"/>
  <testcase name="multiInheritanceTest" time="0.01" classname="io.swagger.codegen.CodegenTest"/>
  <testcase name="noSupportsInheritanceTest" time="0.006" classname="io.swagger.codegen.CodegenTest"/>
  <testcase name="requiredParametersTest" time="0.003" classname="io.swagger.codegen.CodegenTest"/>
  <testcase name="responseSelectionTest1" time="0.006" classname="io.swagger.codegen.CodegenTest"/>
  <testcase name="responseSelectionTest2" time="0.003" classname="io.swagger.codegen.CodegenTest"/>
  <testcase name="sanitizeTagTest" time="0.0" classname="io.swagger.codegen.CodegenTest"/>
  <testcase name="simpleCompositionTest" time="0.006" classname="io.swagger.codegen.CodegenTest"/>
  <testcase name="simpleInheritanceTest" time="0.005" classname="io.swagger.codegen.CodegenTest"/>
  <testcase name="supportsMixinsTest" time="0.004" classname="io.swagger.codegen.CodegenTest"/>
  <testcase name="underscoreNamesTest" time="0.001" classname="io.swagger.codegen.CodegenTest"/>
  <testcase name="testAdditionalProperties" time="0.239" classname="io.swagger.codegen.config.CodegenConfiguratorTest"/>
  <testcase name="testApiPackage" time="0.002" classname="io.swagger.codegen.config.CodegenConfiguratorTest"/>
  <testcase name="testArtifactId" time="0.001" classname="io.swagger.codegen.config.CodegenConfiguratorTest"/>
  <testcase name="testArtifactVersion" time="0.001" classname="io.swagger.codegen.config.CodegenConfiguratorTest"/>
  <testcase name="testCodegenConfiguratorIsSerializable" time="0.018" classname="io.swagger.codegen.config.CodegenConfiguratorTest"/>
  <testcase name="testDynamicProperties" time="0.001" classname="io.swagger.codegen.config.CodegenConfiguratorTest"/>
  <testcase name="testFromFile" time="0.002" classname="io.swagger.codegen.config.CodegenConfiguratorTest"/>
  <testcase name="testGroupId" time="0.001" classname="io.swagger.codegen.config.CodegenConfiguratorTest"/>
  <testcase name="testImportMappings" time="0.001" classname="io.swagger.codegen.config.CodegenConfiguratorTest"/>
  <testcase name="testInstantiationTypes" time="0.001" classname="io.swagger.codegen.config.CodegenConfiguratorTest"/>
  <testcase name="testInvokerPackage" time="0.001" classname="io.swagger.codegen.config.CodegenConfiguratorTest"/>
  <testcase name="testLanguageSpecificPrimitives" time="0.001" classname="io.swagger.codegen.config.CodegenConfiguratorTest"/>
  <testcase name="testLibrary" time="0.001" classname="io.swagger.codegen.config.CodegenConfiguratorTest"/>
  <testcase name="testModelPackage" time="0.001" classname="io.swagger.codegen.config.CodegenConfiguratorTest"/>
  <testcase name="testSkipOverwrite" time="0.002" classname="io.swagger.codegen.config.CodegenConfiguratorTest"/>
  <testcase name="testSystemProperties" time="0.029" classname="io.swagger.codegen.config.CodegenConfiguratorTest"/>
  <testcase name="testTemplateDir" time="0.004" classname="io.swagger.codegen.config.CodegenConfiguratorTest"/>
  <testcase name="testTypeMappings" time="0.002" classname="io.swagger.codegen.config.CodegenConfiguratorTest"/>
  <testcase name="testVerbose" time="0.016" classname="io.swagger.codegen.config.CodegenConfiguratorTest"/>
  <testcase name="testGenerateUniqueOperationIds" time="0.012" classname="io.swagger.codegen.DefaultGeneratorTest"/>
  <testcase name="testOverloadingTemplateFiles" time="0.609" classname="io.swagger.codegen.DefaultGeneratorTest"/>
  <testcase name="testResolveTagNotDefinedInSwaggerTagsDefinition" time="0.003" classname="io.swagger.codegen.DefaultGeneratorTest"/>
  <testcase name="testResolveTagsAgainstSwaggerTagsDefinition" time="0.003" classname="io.swagger.codegen.DefaultGeneratorTest"/>
  <testcase name="testResolveTagsNoSwaggerTagsDefinition" time="0.002" classname="io.swagger.codegen.DefaultGeneratorTest"/>
  <testcase name="testResolveTagsNoTagsDefined" time="0.001" classname="io.swagger.codegen.DefaultGeneratorTest"/>
  <testcase name="testSecurityWithGlobal" time="0.039" classname="io.swagger.codegen.DefaultGeneratorTest"/>
  <testcase name="testSecurityWithoutGlobal" time="0.029" classname="io.swagger.codegen.DefaultGeneratorTest"/>
  <testcase name="testSkipOverwrite" time="0.42" classname="io.swagger.codegen.DefaultGeneratorTest"/>
  <testcase name="recursiveModelsTest" time="0.002" classname="io.swagger.codegen.ExampleGeneratorTest"/>
  <testcase name="evaluate" time="0.005" classname="io.swagger.codegen.ignore.CodegenIgnoreProcessorTest"/>
  <testcase name="evaluate" time="0.002" classname="io.swagger.codegen.ignore.CodegenIgnoreProcessorTest"/>
  <testcase name="evaluate" time="0.004" classname="io.swagger.codegen.ignore.CodegenIgnoreProcessorTest"/>
  <testcase name="evaluate" time="0.003" classname="io.swagger.codegen.ignore.CodegenIgnoreProcessorTest"/>
  <testcase name="evaluate" time="0.004" classname="io.swagger.codegen.ignore.CodegenIgnoreProcessorTest"/>
  <testcase name="evaluate" time="0.004" classname="io.swagger.codegen.ignore.CodegenIgnoreProcessorTest"/>
  <testcase name="evaluate" time="0.001" classname="io.swagger.codegen.ignore.CodegenIgnoreProcessorTest"/>
  <testcase name="evaluate" time="0.004" classname="io.swagger.codegen.ignore.CodegenIgnoreProcessorTest"/>
  <testcase name="evaluate" time="0.002" classname="io.swagger.codegen.ignore.CodegenIgnoreProcessorTest"/>
  <testcase name="evaluate" time="0.004" classname="io.swagger.codegen.ignore.CodegenIgnoreProcessorTest"/>
  <testcase name="evaluate" time="0.005" classname="io.swagger.codegen.ignore.CodegenIgnoreProcessorTest"/>
  <testcase name="evaluate" time="0.002" classname="io.swagger.codegen.ignore.CodegenIgnoreProcessorTest"/>
  <testcase name="evaluate" time="0.002" classname="io.swagger.codegen.ignore.CodegenIgnoreProcessorTest"/>
  <testcase name="evaluate" time="0.002" classname="io.swagger.codegen.ignore.CodegenIgnoreProcessorTest"/>
  <testcase name="evaluate" time="0.005" classname="io.swagger.codegen.ignore.CodegenIgnoreProcessorTest"/>
  <testcase name="evaluate" time="0.002" classname="io.swagger.codegen.ignore.CodegenIgnoreProcessorTest"/>
  <testcase name="evaluate" time="0.002" classname="io.swagger.codegen.ignore.CodegenIgnoreProcessorTest"/>
  <testcase name="evaluate" time="0.003" classname="io.swagger.codegen.ignore.CodegenIgnoreProcessorTest"/>
  <testcase name="evaluate" time="0.003" classname="io.swagger.codegen.ignore.CodegenIgnoreProcessorTest"/>
  <testcase name="evaluate" time="0.004" classname="io.swagger.codegen.ignore.CodegenIgnoreProcessorTest"/>
  <testcase name="evaluate" time="0.003" classname="io.swagger.codegen.ignore.CodegenIgnoreProcessorTest"/>
  <testcase name="evaluate" time="0.001" classname="io.swagger.codegen.ignore.CodegenIgnoreProcessorTest"/>
  <testcase name="evaluate" time="0.004" classname="io.swagger.codegen.ignore.CodegenIgnoreProcessorTest"/>
  <testcase name="evaluate" time="0.0" classname="io.swagger.codegen.ignore.CodegenIgnoreProcessorTest"/>
  <testcase name="evaluate" time="0.011" classname="io.swagger.codegen.ignore.CodegenIgnoreProcessorTest"/>
  <testcase name="evaluate" time="0.006" classname="io.swagger.codegen.ignore.CodegenIgnoreProcessorTest"/>
  <testcase name="evaluate" time="0.004" classname="io.swagger.codegen.ignore.CodegenIgnoreProcessorTest"/>
  <testcase name="testGlobbingNotRecursive" time="0.0" classname="io.swagger.codegen.ignore.rules.FileRuleTest"/>
  <testcase name="testGlobbingRecursive" time="0.0" classname="io.swagger.codegen.ignore.rules.FileRuleTest"/>
  <testcase name="testMatchComplex" time="0.0" classname="io.swagger.codegen.ignore.rules.FileRuleTest"/>
  <testcase name="testNonMatchComplex" time="0.0" classname="io.swagger.codegen.ignore.rules.FileRuleTest"/>
  <testcase name="parseComment" time="0.0" classname="io.swagger.codegen.ignore.rules.IgnoreLineParserTest"/>
  <testcase name="parseComplex" time="0.0" classname="io.swagger.codegen.ignore.rules.IgnoreLineParserTest"/>
  <testcase name="parseDirectoryMarker" time="0.0" classname="io.swagger.codegen.ignore.rules.IgnoreLineParserTest"/>
  <testcase name="parseEscapedExclamation" time="0.0" classname="io.swagger.codegen.ignore.rules.IgnoreLineParserTest"/>
  <testcase name="parseEscapedSpace" time="0.0" classname="io.swagger.codegen.ignore.rules.IgnoreLineParserTest"/>
  <testcase name="parseMatchAll" time="0.0" classname="io.swagger.codegen.ignore.rules.IgnoreLineParserTest"/>
  <testcase name="parseMatchAny" time="0.0" classname="io.swagger.codegen.ignore.rules.IgnoreLineParserTest"/>
  <testcase name="parseNegate" time="0.0" classname="io.swagger.codegen.ignore.rules.IgnoreLineParserTest"/>
  <testcase name="parseRooted" time="0.0" classname="io.swagger.codegen.ignore.rules.IgnoreLineParserTest"/>
  <testcase name="parseTripleStarPattern" time="0.0" classname="io.swagger.codegen.ignore.rules.IgnoreLineParserTest"/>
  <testcase name="testMatchFilenameAndExtension" time="0.001" classname="io.swagger.codegen.ignore.rules.RootedFileRuleTest"/>
  <testcase name="testMatchFilenameAndExtensionWithExtensionGlob" time="0.0" classname="io.swagger.codegen.ignore.rules.RootedFileRuleTest"/>
  <testcase name="testMatchFilenameAndExtensionWithFilenameGlob" time="0.0" classname="io.swagger.codegen.ignore.rules.RootedFileRuleTest"/>
  <testcase name="testMatchFilenameAndExtensionWithMultiplePeriods" time="0.0" classname="io.swagger.codegen.ignore.rules.RootedFileRuleTest"/>
  <testcase name="testMatchFilenameOnly" time="0.0" classname="io.swagger.codegen.ignore.rules.RootedFileRuleTest"/>
  <testcase name="testMatchFilenameWithGlob" time="0.0" classname="io.swagger.codegen.ignore.rules.RootedFileRuleTest"/>
  <testcase name="testMatchWithoutLeadingForwardSlash" time="0.0" classname="io.swagger.codegen.ignore.rules.RootedFileRuleTest"/>
  <testcase name="testMatchesOnlyRooted" time="0.0" classname="io.swagger.codegen.ignore.rules.RootedFileRuleTest"/>
  <testcase name="testNonMatchFilenameAndExtension" time="0.0" classname="io.swagger.codegen.ignore.rules.RootedFileRuleTest"/>
  <testcase name="testNonMatchFilenameAndExtensionWithFilenameGlob" time="0.0" classname="io.swagger.codegen.ignore.rules.RootedFileRuleTest"/>
  <testcase name="testNonMatchFilenameAndExtensionWithMultiplePeriods" time="0.0" classname="io.swagger.codegen.ignore.rules.RootedFileRuleTest"/>
  <testcase name="testNonMatchFilenameOnly" time="0.0" classname="io.swagger.codegen.ignore.rules.RootedFileRuleTest"/>
  <testcase name="testNonMatchFilenameWithGlob" time="0.0" classname="io.swagger.codegen.ignore.rules.RootedFileRuleTest"/>
  <testcase name="notResolveNonModelBodyParameter" time="0.001" classname="io.swagger.codegen.InlineModelResolverTest"/>
  <testcase name="resolveInlineArrayBodyParameter" time="0.001" classname="io.swagger.codegen.InlineModelResolverTest"/>
  <testcase name="resolveInlineArrayModelWithTitle" time="0.0" classname="io.swagger.codegen.InlineModelResolverTest"/>
  <testcase name="resolveInlineArrayModelWithoutTitle" time="0.001" classname="io.swagger.codegen.InlineModelResolverTest"/>
  <testcase name="resolveInlineArrayResponse" time="0.0" classname="io.swagger.codegen.InlineModelResolverTest"/>
  <testcase name="resolveInlineArrayResponseWithTitle" time="0.0" classname="io.swagger.codegen.InlineModelResolverTest"/>
  <testcase name="resolveInlineBodyParameter" time="0.0" classname="io.swagger.codegen.InlineModelResolverTest"/>
  <testcase name="resolveInlineBodyParameterWithRequired" time="0.0" classname="io.swagger.codegen.InlineModelResolverTest"/>
  <testcase name="resolveInlineBodyParameterWithTitle" time="0.0" classname="io.swagger.codegen.InlineModelResolverTest"/>
  <testcase name="resolveInlineModel2DifferentInnerModelsWIthSameTitle" time="0.0" classname="io.swagger.codegen.InlineModelResolverTest"/>
  <testcase name="resolveInlineModel2EqualInnerModels" time="0.0" classname="io.swagger.codegen.InlineModelResolverTest"/>
  <testcase name="resolveInlineModelTestWithTitle" time="0.0" classname="io.swagger.codegen.InlineModelResolverTest"/>
  <testcase name="resolveInlineModelTestWithoutTitle" time="0.0" classname="io.swagger.codegen.InlineModelResolverTest"/>
  <testcase name="testArbitraryObjectBodyParam" time="0.0" classname="io.swagger.codegen.InlineModelResolverTest"/>
  <testcase name="testArbitraryObjectBodyParamArrayInline" time="0.003" classname="io.swagger.codegen.InlineModelResolverTest"/>
  <testcase name="testArbitraryObjectBodyParamInline" time="0.0" classname="io.swagger.codegen.InlineModelResolverTest"/>
  <testcase name="testArbitraryObjectBodyParamWithArray" time="0.0" classname="io.swagger.codegen.InlineModelResolverTest"/>
  <testcase name="testArbitraryObjectModelInline" time="0.0" classname="io.swagger.codegen.InlineModelResolverTest"/>
  <testcase name="testArbitraryObjectModelWithArrayInlineWithTitle" time="0.0" classname="io.swagger.codegen.InlineModelResolverTest"/>
  <testcase name="testArbitraryObjectModelWithArrayInlineWithoutTitle" time="0.0" classname="io.swagger.codegen.InlineModelResolverTest"/>
  <testcase name="testArbitraryObjectResponse" time="0.0" classname="io.swagger.codegen.InlineModelResolverTest"/>
  <testcase name="testArbitraryObjectResponseArray" time="0.0" classname="io.swagger.codegen.InlineModelResolverTest"/>
  <testcase name="testArbitraryObjectResponseArrayInline" time="0.0" classname="io.swagger.codegen.InlineModelResolverTest"/>
  <testcase name="testArbitraryObjectResponseMapInline" time="0.0" classname="io.swagger.codegen.InlineModelResolverTest"/>
  <testcase name="testArrayResponse" time="0.0" classname="io.swagger.codegen.InlineModelResolverTest"/>
  <testcase name="testBasicInput" time="0.005" classname="io.swagger.codegen.InlineModelResolverTest"/>
  <testcase name="testInlineMapResponse" time="0.001" classname="io.swagger.codegen.InlineModelResolverTest"/>
  <testcase name="testInlineMapResponseWithObjectProperty" time="0.0" classname="io.swagger.codegen.InlineModelResolverTest"/>
  <testcase name="testInlineResponseModel" time="0.0" classname="io.swagger.codegen.InlineModelResolverTest"/>
  <testcase name="testInlineResponseModelWithTitle" time="0.001" classname="io.swagger.codegen.InlineModelResolverTest"/>
  <testcase name="preprocessSwaggerWithBodyParamsSetsContentType" time="0.0" classname="io.swagger.codegen.java.AbstractJavaCodegenTest"/>
  <testcase name="preprocessSwaggerWithFormParamsSetsContentType" time="0.0" classname="io.swagger.codegen.java.AbstractJavaCodegenTest"/>
  <testcase name="preprocessSwaggerWithNoFormOrBodyParamsDoesNotSetContentType" time="0.0" classname="io.swagger.codegen.java.AbstractJavaCodegenTest"/>
  <testcase name="toEnumVarNameShouldNotShortenUnderScore" time="0.001" classname="io.swagger.codegen.java.AbstractJavaCodegenTest"/>
  <testcase name="toModelNameShouldUseProvidedMapping" time="0.0" classname="io.swagger.codegen.java.AbstractJavaCodegenTest"/>
  <testcase name="toModelNameUsesPascalCase" time="0.0" classname="io.swagger.codegen.java.AbstractJavaCodegenTest"/>
  <testcase name="toVarNameShouldAvoidOverloadingGetClassMethod" time="0.001" classname="io.swagger.codegen.java.AbstractJavaCodegenTest"/>
  <testcase name="checkOptionsHelp" time="0.007" classname="io.swagger.codegen.java.JavaClientOptionsTest"/>
  <testcase name="checkOptionsProcessing" time="0.218" classname="io.swagger.codegen.java.JavaClientOptionsTest"/>
  <testcase name="javaInheritanceTest" time="0.002" classname="io.swagger.codegen.java.JavaInheritanceTest"/>
  <testcase name="javaInheritanceWithDiscriminatorTest" time="0.0" classname="io.swagger.codegen.java.JavaInheritanceTest"/>
  <testcase name="converterTest" time="0.001" classname="io.swagger.codegen.java.JavaModelEnumTest"/>
  <testcase name="overrideEnumTest" time="0.002" classname="io.swagger.codegen.java.JavaModelEnumTest"/>
  <testcase name="arrayModelTest" time="0.003" classname="io.swagger.codegen.java.JavaModelTest"/>
  <testcase name="arrayModelWithItemNameTest" time="0.001" classname="io.swagger.codegen.java.JavaModelTest"/>
  <testcase name="binaryDataTest" time="0.003" classname="io.swagger.codegen.java.JavaModelTest"/>
  <testcase name="booleanParameterTest" time="0.0" classname="io.swagger.codegen.java.JavaModelTest"/>
  <testcase name="classPropertyTest" time="0.0" classname="io.swagger.codegen.java.JavaModelTest"/>
  <testcase name="classPropertyTest" time="0.001" classname="io.swagger.codegen.java.JavaModelTest"/>
  <testcase name="classPropertyTest" time="0.0" classname="io.swagger.codegen.java.JavaModelTest"/>
  <testcase name="complexListPropertyTest" time="0.001" classname="io.swagger.codegen.java.JavaModelTest"/>
  <testcase name="complexMapPropertyTest" time="0.0" classname="io.swagger.codegen.java.JavaModelTest"/>
  <testcase name="complexPropertiesTest" time="0.001" classname="io.swagger.codegen.java.JavaModelTest"/>
  <testcase name="convertParameterTest" time="0.0" classname="io.swagger.codegen.java.JavaModelTest"/>
  <testcase name="escapeNamesTest" time="0.0" classname="io.swagger.codegen.java.JavaModelTest"/>
  <testcase name="firstTwoUpperCaseLetterNamesTest" time="0.0" classname="io.swagger.codegen.java.JavaModelTest"/>
  <testcase name="hyphensTest" time="0.0" classname="io.swagger.codegen.java.JavaModelTest"/>
  <testcase name="invalidParamNameTest" time="0.0" classname="io.swagger.codegen.java.JavaModelTest"/>
  <testcase name="list2DPropertyTest" time="0.001" classname="io.swagger.codegen.java.JavaModelTest"/>
  <testcase name="listPropertyTest" time="0.001" classname="io.swagger.codegen.java.JavaModelTest"/>
  <testcase name="mapModelTest" time="0.0" classname="io.swagger.codegen.java.JavaModelTest"/>
  <testcase name="mapPropertyTest" time="0.0" classname="io.swagger.codegen.java.JavaModelTest"/>
  <testcase name="mapWithAnListOfBigDecimalTest" time="0.003" classname="io.swagger.codegen.java.JavaModelTest"/>
  <testcase name="mapWithListPropertyTest" time="0.001" classname="io.swagger.codegen.java.JavaModelTest"/>
  <testcase name="modelNameTest" time="0.001" classname="io.swagger.codegen.java.JavaModelTest"/>
  <testcase name="modelNameTest" time="0.0" classname="io.swagger.codegen.java.JavaModelTest"/>
  <testcase name="modelNameTest" time="0.001" classname="io.swagger.codegen.java.JavaModelTest"/>
  <testcase name="modelNameTest" time="0.0" classname="io.swagger.codegen.java.JavaModelTest"/>
  <testcase name="modelNameTest" time="0.0" classname="io.swagger.codegen.java.JavaModelTest"/>
  <testcase name="modelNameTest" time="0.0" classname="io.swagger.codegen.java.JavaModelTest"/>
  <testcase name="modelNameTest" time="0.0" classname="io.swagger.codegen.java.JavaModelTest"/>
  <testcase name="modelNameTest" time="0.001" classname="io.swagger.codegen.java.JavaModelTest"/>
  <testcase name="modelWithWrappedXmlTest" time="0.001" classname="io.swagger.codegen.java.JavaModelTest"/>
  <testcase name="modelWithXmlTest" time="0.001" classname="io.swagger.codegen.java.JavaModelTest"/>
  <testcase name="secondCharUpperCaseNamesTest" time="0.0" classname="io.swagger.codegen.java.JavaModelTest"/>
  <testcase name="simpleModelTest" time="0.001" classname="io.swagger.codegen.java.JavaModelTest"/>
  <testcase name="squareBracketsTest" time="0.001" classname="io.swagger.codegen.java.JavaModelTest"/>
  <testcase name="upperCaseNamesTest" time="0.0" classname="io.swagger.codegen.java.JavaModelTest"/>
  <testcase name="swaggerMigratorTest" time="0.141" classname="io.swagger.codegen.SwaggerMigratorTest"/>
  <testcase name="atLeast" time="0.001" classname="io.swagger.codegen.utils.SemVerTest"/>
  <testcase name="parsingAndPrinting" time="0.0" classname="io.swagger.codegen.utils.SemVerTest"/>
</testsuite> <!-- Surefire test -->
